<?xml version="1.0" encoding="UTF-8"?>
<!-- Generated by org.testng.reporters.JUnitXMLReporter -->
<testsuite ignored="7" hostname="Anees" failures="0" tests="1" name="Default test" time="17.244" errors="0" timestamp="2024-07-21T01:19:36 IST">
  <testcase classname="com.qa.testSCripts.TC_HomePage" name="@AfterClass tearDown" time="1.178">
    <failure type="java.lang.AssertionError" message="The following asserts failed:
	failed to laod expected [null] but found [https://qamaralmadeena.netlify.app/visa],
	failed to laod expected [https://qamaralmadeena.netlify.app/contact] but found [https://qamaralmadeena.netlify.app/umrah]">
      <![CDATA[java.lang.AssertionError: The following asserts failed:
failed to laod expected [null] but found [https://qamaralmadeena.netlify.app/visa],
failed to laod expected [https://qamaralmadeena.netlify.app/contact] but found [https://qamaralmadeena.netlify.app/umrah]
at org.testng.asserts.SoftAssert.assertAll(SoftAssert.java:46)
at org.testng.asserts.SoftAssert.assertAll(SoftAssert.java:30)
at com.qa.testSCripts.TC_HomePage.tearDown(TC_HomePage.java:34)
at java.base/jdk.internal.reflect.DirectMethodHandleAccessor.invoke(DirectMethodHandleAccessor.java:103)
at java.base/java.lang.reflect.Method.invoke(Method.java:580)
at org.testng.internal.invokers.MethodInvocationHelper.invokeMethod(MethodInvocationHelper.java:139)
at org.testng.internal.invokers.MethodInvocationHelper.invokeMethodConsideringTimeout(MethodInvocationHelper.java:69)
at org.testng.internal.invokers.ConfigInvoker.invokeConfigurationMethod(ConfigInvoker.java:361)
at org.testng.internal.invokers.ConfigInvoker.invokeConfigurations(ConfigInvoker.java:296)
at org.testng.internal.invokers.TestMethodWorker.invokeAfterClassMethods(TestMethodWorker.java:222)
at org.testng.internal.invokers.TestMethodWorker.run(TestMethodWorker.java:131)
at java.base/java.util.ArrayList.forEach(ArrayList.java:1596)
at org.testng.TestRunner.privateRun(TestRunner.java:806)
at org.testng.TestRunner.run(TestRunner.java:601)
at org.testng.SuiteRunner.runTest(SuiteRunner.java:433)
at org.testng.SuiteRunner.runSequentially(SuiteRunner.java:427)
at org.testng.SuiteRunner.privateRun(SuiteRunner.java:387)
at org.testng.SuiteRunner.run(SuiteRunner.java:330)
at org.testng.SuiteRunnerWorker.runSuite(SuiteRunnerWorker.java:52)
at org.testng.SuiteRunnerWorker.run(SuiteRunnerWorker.java:95)
at org.testng.TestNG.runSuitesSequentially(TestNG.java:1256)
at org.testng.TestNG.runSuitesLocally(TestNG.java:1176)
at org.testng.TestNG.runSuites(TestNG.java:1099)
at org.testng.TestNG.run(TestNG.java:1067)
at org.testng.remote.AbstractRemoteTestNG.run(AbstractRemoteTestNG.java:115)
at org.testng.remote.RemoteTestNG.initAndRun(RemoteTestNG.java:251)
at org.testng.remote.RemoteTestNG.main(RemoteTestNG.java:77)
]]>
    </failure>
  </testcase> <!-- @AfterClass tearDown -->
  <testcase classname="com.qa.testSCripts.TC_HomePage" name="verifyNavigationMenue" time="8.394"/>
  <testcase classname="com.qa.testSCripts.TC_HomePage" name="verifyChooseYourPlaceMenue" time="0.0">
    <ignored/>
  </testcase> <!-- verifyChooseYourPlaceMenue -->
  <testcase classname="com.qa.testSCripts.TC_HomePage" name="verifyFooterMenue" time="0.0">
    <ignored/>
  </testcase> <!-- verifyFooterMenue -->
  <testcase classname="com.qa.testSCripts.TC_HomePage" name="verifyGrowExponentiallyMenue" time="0.0">
    <ignored/>
  </testcase> <!-- verifyGrowExponentiallyMenue -->
  <testcase classname="com.qa.testSCripts.TC_HomePage" name="verifyHer0WidgetMenue" time="0.0">
    <ignored/>
  </testcase> <!-- verifyHer0WidgetMenue -->
  <testcase classname="com.qa.testSCripts.TC_HomePage" name="verifyBusinessEssentialsMenue" time="0.0">
    <ignored/>
  </testcase> <!-- verifyBusinessEssentialsMenue -->
  <testcase classname="com.qa.testSCripts.TC_HomePage" name="verifyUmrahToursMenue" time="0.0">
    <ignored/>
  </testcase> <!-- verifyUmrahToursMenue -->
  <testcase classname="com.qa.testSCripts.TC_HomePage" name="verifyVisaServicesMenue" time="0.0">
    <ignored/>
  </testcase> <!-- verifyVisaServicesMenue -->
</testsuite> <!-- Default test -->
